<?xml version="1.0" encoding="UTF-8"?>
<!-- Generated by org.testng.reporters.JUnitXMLReporter -->
<testsuite ignored="0" hostname="DESKTOP-UA7G0ND" failures="1" tests="3" name="Surefire test" time="47.605" errors="0" timestamp="2024-06-26T11:55:42 IST">
  <testcase classname="codewithharry.tests.SubmitCartTest" name="submitCart" time="16.868">
    <failure type="java.lang.AssertionError" message="expected [true] but found [false]">
      <![CDATA[java.lang.AssertionError: expected [true] but found [false]
at codewithharry.tests.SubmitCartTest.submitCart(SubmitCartTest.java:100)
at java.base/java.util.ArrayList.forEach(ArrayList.java:1597)
... Removed 34 stack frames]]>
    </failure>
  </testcase> <!-- submitCart -->
  <testcase classname="codewithharry.tests.SubmitCartTest" name="submitCart" time="26.312"/>
  <testcase classname="codewithharry.tests.SubmitCartTest" name="OrderConfirmed" time="0.0">
    <skipped/>
  </testcase> <!-- OrderConfirmed -->
</testsuite> <!-- Surefire test -->
