<?xml version="1.0" encoding="UTF-8"?>
<!-- Generated by org.testng.reporters.JUnitXMLReporter -->
<testsuite ignored="0" hostname="DESKTOP-UA7G0ND" failures="1" tests="2" name="Default test" time="0.088" errors="0" timestamp="2024-05-24T14:23:13 IST">
  <testcase classname="codewithharry.tests.SubmitCartTest" name="submitCart" time="0.0">
    <failure type="java.lang.RuntimeException" message="java.nio.charset.IllegalCharsetNameException: ,StandardCharsets.UTF_8">
      <![CDATA[java.lang.RuntimeException: java.nio.charset.IllegalCharsetNameException: ,StandardCharsets.UTF_8
at org.testng.internal.invokers.MethodInvocationHelper.invokeMethodNoCheckedException(MethodInvocationHelper.java:58)
at org.testng.internal.invokers.MethodInvocationHelper.invokeDataProvider(MethodInvocationHelper.java:159)
at org.testng.internal.Parameters.handleParameters(Parameters.java:809)
at org.testng.internal.Parameters.handleParameters(Parameters.java:734)
at org.testng.internal.invokers.ParameterHandler.handleParameters(ParameterHandler.java:72)
at org.testng.internal.invokers.ParameterHandler.createParameters(ParameterHandler.java:51)
at org.testng.internal.invokers.TestInvoker$MethodInvocationAgent.invoke(TestInvoker.java:946)
at org.testng.internal.invokers.TestInvoker.invokeTestMethods(TestInvoker.java:203)
at org.testng.internal.invokers.TestMethodWorker.invokeTestMethods(TestMethodWorker.java:154)
at org.testng.internal.invokers.TestMethodWorker.run(TestMethodWorker.java:134)
at java.base/java.util.ArrayList.forEach(ArrayList.java:1596)
at org.testng.TestRunner.privateRun(TestRunner.java:739)
at org.testng.TestRunner.run(TestRunner.java:614)
at org.testng.SuiteRunner.runTest(SuiteRunner.java:421)
at org.testng.SuiteRunner.runSequentially(SuiteRunner.java:413)
at org.testng.SuiteRunner.privateRun(SuiteRunner.java:373)
at org.testng.SuiteRunner.run(SuiteRunner.java:312)
at org.testng.SuiteRunnerWorker.runSuite(SuiteRunnerWorker.java:52)
at org.testng.SuiteRunnerWorker.run(SuiteRunnerWorker.java:95)
at org.testng.TestNG.runSuitesSequentially(TestNG.java:1274)
at org.testng.TestNG.runSuitesLocally(TestNG.java:1208)
at org.testng.TestNG.runSuites(TestNG.java:1112)
at org.testng.TestNG.run(TestNG.java:1079)
at org.testng.remote.AbstractRemoteTestNG.run(AbstractRemoteTestNG.java:115)
at org.testng.remote.RemoteTestNG.initAndRun(RemoteTestNG.java:293)
at org.testng.remote.RemoteTestNG.main(RemoteTestNG.java:91)
Caused by: java.nio.charset.IllegalCharsetNameException: ,StandardCharsets.UTF_8
at java.base/java.nio.charset.Charset.checkName(Charset.java:312)
at java.base/java.nio.charset.Charset.lookup2(Charset.java:496)
at java.base/java.nio.charset.Charset.lookup(Charset.java:476)
at java.base/java.nio.charset.Charset.forName(Charset.java:540)
at org.apache.commons.io.Charsets.toCharset(Charsets.java:219)
at org.apache.commons.io.Charsets.toCharset(Charsets.java:206)
at org.apache.commons.io.FileUtils.readFileToString(FileUtils.java:2632)
at codewithharry.TestComponents.BaseTest.getJsonDataToMap(BaseTest.java:75)
at codewithharry.tests.SubmitCartTest.getData(SubmitCartTest.java:185)
at java.base/jdk.internal.reflect.DirectMethodHandleAccessor.invoke(DirectMethodHandleAccessor.java:103)
at java.base/java.lang.reflect.Method.invoke(Method.java:580)
at org.testng.internal.invokers.MethodInvocationHelper.invokeMethod(MethodInvocationHelper.java:141)
at org.testng.internal.invokers.MethodInvocationHelper.invokeMethod(MethodInvocationHelper.java:86)
at org.testng.internal.invokers.MethodInvocationHelper.invokeMethodNoCheckedException(MethodInvocationHelper.java:54)
... 25 more
]]>
    </failure>
  </testcase> <!-- submitCart -->
  <testcase classname="codewithharry.tests.SubmitCartTest" name="OrderConfirmed" time="0.0">
    <skipped/>
  </testcase> <!-- OrderConfirmed -->
</testsuite> <!-- Default test -->
